2025-06-07 17:26:17,087 - backend.app.main - INFO - 应用启动
2025-06-07 17:28:33,527 - backend.app.main - INFO - 应用关闭
2025-06-07 17:31:11,152 - backend.app.main - INFO - 应用启动
2025-06-07 17:34:11,723 - passlib.handlers.bcrypt - WARNING - (trapped) error reading bcrypt version
Traceback (most recent call last):
  File "D:\Python\Python38\lib\site-packages\passlib\handlers\bcrypt.py", line 620, in _load_backend_mixin
    version = _bcrypt.__about__.__version__
AttributeError: module 'bcrypt' has no attribute '__about__'
2025-06-07 22:27:34,295 - backend.app.main - INFO - 应用启动
2025-06-07 22:33:55,603 - backend.app.main - INFO - 应用启动
2025-06-07 22:34:06,755 - backend.app.services.websocket - INFO - 用户 user 的客户端 client_54pzd9jqw 已连接
2025-06-07 22:34:12,807 - backend.app.services.websocket - INFO - 用户 user 的客户端 client_54pzd9jqw 已断开连接
2025-06-07 22:36:03,526 - backend.app.main - INFO - 应用关闭
2025-06-07 22:36:07,987 - backend.app.main - INFO - 应用启动
2025-06-07 22:37:57,617 - backend.app.services.websocket - INFO - 用户 undefined 的客户端 client_gzgnhscjg 已连接
2025-06-07 22:38:04,105 - backend.app.services.websocket - INFO - 用户 undefined 的客户端 client_gzgnhscjg 已断开连接
2025-06-07 22:38:04,497 - backend.app.services.websocket - INFO - 用户 undefined 的客户端 client_tgmqop9cn 已连接
2025-06-07 22:38:21,766 - backend.app.services.websocket - INFO - 用户 undefined 的客户端 client_tgmqop9cn 已断开连接
2025-06-07 22:38:29,758 - backend.app.services.websocket - INFO - 用户 undefined 的客户端 client_tomjkz2yy 已连接
2025-06-07 22:38:35,210 - backend.app.services.websocket - INFO - 用户 undefined 的客户端 client_tomjkz2yy 已断开连接
2025-06-07 22:38:35,545 - backend.app.services.websocket - INFO - 用户 undefined 的客户端 client_c87hhiumx 已连接
2025-06-07 22:38:37,835 - backend.app.services.websocket - INFO - 用户 undefined 的客户端 client_c87hhiumx 已断开连接
2025-06-07 22:42:13,644 - backend.app.services.websocket - INFO - 用户 undefined 的客户端 client_40ilmxoag 已连接
2025-06-07 22:42:15,481 - backend.app.services.websocket - INFO - 用户 undefined 的客户端 client_40ilmxoag 已断开连接
2025-06-07 22:42:15,803 - backend.app.services.websocket - INFO - 用户 undefined 的客户端 client_pcxjhhx3x 已连接
2025-06-07 22:42:18,437 - backend.app.services.websocket - INFO - 用户 undefined 的客户端 client_pcxjhhx3x 已断开连接
2025-06-07 22:42:18,764 - backend.app.services.websocket - INFO - 用户 undefined 的客户端 client_yy5ipwmhu 已连接
2025-06-07 22:42:19,397 - backend.app.services.websocket - INFO - 用户 undefined 的客户端 client_yy5ipwmhu 已断开连接
2025-06-07 22:42:27,262 - backend.app.main - INFO - 应用关闭
2025-06-08 01:51:53,574 - backend.app.main - INFO - 应用启动
2025-06-08 01:51:59,939 - backend.app.services.websocket - INFO - 用户 user 的客户端 client_1d1j7apxv 已连接
2025-06-08 01:52:02,343 - backend.app.services.websocket - INFO - 用户 user 的客户端 client_1d1j7apxv 已断开连接
2025-06-08 01:52:03,067 - backend.app.services.websocket - INFO - 用户 undefined 的客户端 client_8vxi5r0vt 已连接
2025-06-08 01:52:05,907 - backend.app.services.websocket - INFO - 用户 undefined 的客户端 client_8vxi5r0vt 已断开连接
2025-06-08 01:52:14,865 - backend.app.services.websocket - INFO - 用户 undefined 的客户端 client_ianow2m3o 已连接
2025-06-08 01:53:35,425 - backend.app.services.websocket - INFO - 用户 undefined 的客户端 client_ianow2m3o 已断开连接
2025-06-08 01:53:35,532 - backend.app.main - INFO - 应用关闭
2025-06-08 01:53:39,685 - backend.app.main - INFO - 应用启动
2025-06-08 01:53:39,689 - backend.app.services.websocket - INFO - 用户 undefined 的客户端 client_ianow2m3o 已连接
2025-06-08 01:53:52,985 - backend.app.services.websocket - INFO - 用户 undefined 的客户端 client_ianow2m3o 已断开连接
2025-06-08 01:53:53,624 - backend.app.services.websocket - INFO - 用户 undefined 的客户端 client_no5yjf9cb 已连接
2025-06-08 01:53:55,580 - backend.app.services.websocket - INFO - 用户 undefined 的客户端 client_no5yjf9cb 已断开连接
2025-06-08 01:54:03,675 - backend.app.services.websocket - INFO - 管理员客户端 client_lo9tasld8 已连接
2025-06-08 01:54:07,463 - backend.app.services.websocket - INFO - 管理员客户端 client_lo9tasld8 已断开连接
2025-06-08 01:54:09,224 - backend.app.services.websocket - INFO - 管理员客户端 client_oxaserrav 已连接
2025-06-08 01:55:12,381 - backend.app.services.websocket - INFO - 管理员客户端 client_oxaserrav 已断开连接
2025-06-08 01:55:17,721 - backend.app.services.websocket - INFO - 用户 undefined 的客户端 client_v8l563ibu 已连接
2025-06-08 01:55:24,827 - backend.app.services.websocket - INFO - 用户 undefined 的客户端 client_v8l563ibu 已断开连接
2025-06-08 01:55:25,169 - backend.app.services.websocket - INFO - 用户 undefined 的客户端 client_koxsxtjbv 已连接
2025-06-08 01:56:50,948 - backend.app.services.websocket - INFO - 用户 undefined 的客户端 client_koxsxtjbv 已断开连接
2025-06-08 01:56:51,058 - backend.app.main - INFO - 应用关闭
2025-06-08 01:56:53,539 - backend.app.main - INFO - 应用启动
2025-06-08 01:56:54,111 - backend.app.services.websocket - INFO - 用户 undefined 的客户端 client_koxsxtjbv 已连接
2025-06-08 01:57:00,985 - backend.app.services.websocket - INFO - 用户 undefined 的客户端 client_koxsxtjbv 已断开连接
2025-06-08 01:57:01,093 - backend.app.main - INFO - 应用关闭
2025-06-08 01:57:05,812 - backend.app.main - INFO - 应用启动
2025-06-08 01:57:06,151 - backend.app.services.websocket - INFO - 用户 undefined 的客户端 client_koxsxtjbv 已连接
2025-06-08 01:57:11,534 - backend.app.services.websocket - INFO - 用户 undefined 的客户端 client_koxsxtjbv 已断开连接
2025-06-08 01:57:11,988 - backend.app.services.websocket - INFO - 用户 undefined 的客户端 client_ln2x51gt0 已连接
2025-06-08 01:57:26,193 - backend.app.services.websocket - INFO - 用户 undefined 的客户端 client_ln2x51gt0 已断开连接
2025-06-08 01:57:26,503 - backend.app.services.websocket - INFO - 用户 undefined 的客户端 client_s1lvpaa4v 已连接
2025-06-08 01:57:27,324 - backend.app.services.websocket - INFO - 用户 undefined 的客户端 client_s1lvpaa4v 已断开连接
2025-06-08 01:57:27,602 - backend.app.services.websocket - INFO - 用户 undefined 的客户端 client_bo0zpaqbs 已连接
2025-06-08 01:57:40,599 - backend.app.services.websocket - INFO - 用户 undefined 的客户端 client_bo0zpaqbs 已断开连接
2025-06-08 01:57:41,172 - backend.app.services.websocket - INFO - 用户 undefined 的客户端 client_mqhr9z90f 已连接
2025-06-08 01:57:44,629 - backend.app.services.websocket - INFO - 用户 undefined 的客户端 client_mqhr9z90f 已断开连接
2025-06-08 01:57:44,961 - backend.app.services.websocket - INFO - 用户 undefined 的客户端 client_tqebk38om 已连接
2025-06-08 02:00:12,686 - backend.app.services.websocket - INFO - 用户 undefined 的客户端 client_tqebk38om 已断开连接
2025-06-08 02:00:12,795 - backend.app.main - INFO - 应用关闭
2025-06-08 02:00:15,141 - backend.app.main - INFO - 应用启动
2025-06-08 02:00:15,146 - backend.app.services.websocket - INFO - 用户 undefined 的客户端 client_tqebk38om 已连接
2025-06-08 02:00:18,158 - backend.app.services.websocket - INFO - 用户 undefined 的客户端 client_tqebk38om 已断开连接
2025-06-08 02:00:18,910 - backend.app.services.websocket - INFO - 用户 undefined 的客户端 client_arus4dfe1 已连接
2025-06-08 02:00:30,503 - backend.app.services.websocket - INFO - 用户 undefined 的客户端 client_arus4dfe1 已断开连接
2025-06-08 02:00:30,806 - backend.app.services.websocket - INFO - 用户 undefined 的客户端 client_xva9zj5xz 已连接
2025-06-08 02:00:32,232 - backend.app.services.websocket - INFO - 用户 undefined 的客户端 client_xva9zj5xz 已断开连接
2025-06-08 02:00:32,556 - backend.app.services.websocket - INFO - 用户 undefined 的客户端 client_m96nydixt 已连接
2025-06-08 02:00:35,072 - backend.app.services.websocket - INFO - 用户 undefined 的客户端 client_m96nydixt 已断开连接
2025-06-08 02:00:35,382 - backend.app.services.websocket - INFO - 用户 undefined 的客户端 client_urfl6qmx7 已连接
2025-06-08 02:00:39,656 - backend.app.services.websocket - INFO - 用户 undefined 的客户端 client_urfl6qmx7 已断开连接
2025-06-08 02:00:39,959 - backend.app.services.websocket - INFO - 用户 undefined 的客户端 client_pe2g4nzrr 已连接
2025-06-08 02:00:44,513 - backend.app.services.websocket - INFO - 用户 undefined 的客户端 client_pe2g4nzrr 已断开连接
2025-06-08 02:00:44,839 - backend.app.services.websocket - INFO - 用户 undefined 的客户端 client_dedcnvftp 已连接
2025-06-08 02:00:47,386 - backend.app.services.websocket - INFO - 用户 undefined 的客户端 client_dedcnvftp 已断开连接
2025-06-08 02:00:47,707 - backend.app.services.websocket - INFO - 用户 undefined 的客户端 client_55olqhcqy 已连接
2025-06-08 02:00:55,968 - backend.app.services.websocket - INFO - 用户 undefined 的客户端 client_55olqhcqy 已断开连接
2025-06-08 02:00:56,303 - backend.app.services.websocket - INFO - 用户 undefined 的客户端 client_n01er8rqm 已连接
2025-06-08 02:00:59,887 - backend.app.services.websocket - INFO - 用户 undefined 的客户端 client_n01er8rqm 已断开连接
2025-06-08 02:01:00,215 - backend.app.services.websocket - INFO - 用户 undefined 的客户端 client_978qp0xqk 已连接
2025-06-08 02:03:33,526 - backend.app.services.websocket - INFO - 用户 undefined 的客户端 client_978qp0xqk 已断开连接
2025-06-08 02:03:33,896 - backend.app.services.websocket - INFO - 用户 undefined 的客户端 client_8lcblxp35 已连接
